#
# A fatal error has been detected by the Java Runtime Environment:
#
#  EXCEPTION_ACCESS_VIOLATION (0xc0000005) at pc=0x032dcb77, pid=5948, tid=13572
#
# JRE version: Java(TM) SE Runtime Environment (7.0_45-b18) (build 1.7.0_45-b18)
# Java VM: Java HotSpot(TM) Client VM (24.45-b08 mixed mode windows-x86 )
# Problematic frame:
# C  0x032dcb77
#
# Failed to write core dump. Minidumps are not enabled by default on client versions of Windows
#
# If you would like to submit a bug report, please visit:
#   http://bugreport.sun.com/bugreport/crash.jsp
# The crash happened outside the Java Virtual Machine in native code.
# See problematic frame for where to report the bug.
#

---------------  T H R E A D  ---------------

Current thread (0x23fbd800):  JavaThread "Thread-7" [_thread_in_native, id=13572, stack(0x02b30000,0x02b80000)]

siginfo: ExceptionCode=0xc0000005, ExceptionInformation=0x00000008 0x032dcb77

Registers:
EAX=0x00000001, EBX=0x00000000, ECX=0x00000000, EDX=0x00000000
ESP=0x02b7eee8, EBP=0x02b7eee8, ESI=0x00000000, EDI=0x02b7f000
EIP=0x032dcb77, EFLAGS=0x00010202

Top of Stack: (sp=0x02b7eee8)
0x02b7eee8:   02b7ef28 032dc7c2 032dc5a0 02b7ef10
0x02b7eef8:   00000014 00000001 02b7f224 73f3e8b0
0x02b7ef08:   00000004 23ff7da4 02b7f1c0 02b7f224
0x02b7ef18:   02b7ef50 02b7ef80 02b7ef80 00000005
0x02b7ef28:   02b7f208 032d4561 02b7f1c0 73f3e8b0
0x02b7ef38:   02b7f224 02b7ef50 02b7ef80 00000003
0x02b7ef48:   00000078 124c87b3 02b7f000 02b7f008
0x02b7ef58:   02b7f010 02b7f018 02b7f020 15453001 

Instructions: (pc=0x032dcb77)
0x032dcb57:   
[error occurred during error reporting (printing registers, top of stack, instructions near pc), id 0xc0000005]

Register to memory mapping:

EAX=0x00000001 is an unknown value
EBX=0x00000000 is an unknown value
ECX=0x00000000 is an unknown value
EDX=0x00000000 is an unknown value
ESP=0x02b7eee8 is pointing into the stack for thread: 0x23fbd800
EBP=0x02b7eee8 is pointing into the stack for thread: 0x23fbd800
ESI=0x00000000 is an unknown value
EDI=0x02b7f000 is pointing into the stack for thread: 0x23fbd800


Stack: [0x02b30000,0x02b80000],  sp=0x02b7eee8,  free space=315k
Native frames: (J=compiled Java code, j=interpreted, Vv=VM code, C=native code)
C  0x032dcb77
C  0x032dc7c2
C  0x032d4561
C  0x032d4d2e
j  com.sun.jna.Function.invokeInt(I[Ljava/lang/Object;)I+0
j  com.sun.jna.Function.invoke([Ljava/lang/Object;Ljava/lang/Class;Z)Ljava/lang/Object;+315
j  com.sun.jna.Function.invoke(Ljava/lang/Class;[Ljava/lang/Object;Ljava/util/Map;)Ljava/lang/Object;+214
j  com.sun.jna.Library$Handler.invoke(Ljava/lang/Object;Ljava/lang/reflect/Method;[Ljava/lang/Object;)Ljava/lang/Object;+341
j  com.sun.proxy.$Proxy8.HttpSendRequest(Lcom/change_vision/platform/connectors/wininet/WinInet$HINTERNET;Ljava/lang/String;ILjava/nio/Buffer;I)Z+40
j  com.change_vision.platform.connectors.impl.RequestHandle.httpSendRequest(Ljava/lang/String;Ljava/nio/Buffer;I)V+25
j  com.change_vision.platform.connectors.NativeHttpURLConnection.sendRequest()V+72
j  com.change_vision.platform.connectors.NativeHttpURLConnection.commit()V+45
j  com.change_vision.platform.connectors.NativeHttpURLConnection.getInputStream()Ljava/io/InputStream;+1
j  fh.a(Ljava/net/URLConnection;)Lorg/w3c/dom/Document;+70
j  JP.co.esm.caddies.jomt.jutil.S.a(Ljava/net/URLConnection;)Lorg/w3c/dom/Document;+4
j  JP.co.esm.caddies.jomt.jutil.S.a(Ljava/lang/String;Ljava/util/Map;Z)Lorg/w3c/dom/Document;+8
j  JP.co.esm.caddies.jomt.jutil.d.a(IZ)Ljava/util/List;+200
j  JP.co.esm.caddies.jomt.jutil.b.a()V+15
j  JP.co.esm.caddies.jomt.jutil.b.run()V+1
j  java.lang.Thread.run()V+11
v  ~StubRoutines::call_stub
V  [jvm.dll+0x13f1fa]
V  [jvm.dll+0x202aee]
V  [jvm.dll+0x13f3c5]
V  [jvm.dll+0x13f427]
V  [jvm.dll+0xeb81f]
V  [jvm.dll+0x16042c]
V  [jvm.dll+0x160e67]
V  [jvm.dll+0x1a49f9]
C  [msvcr100.dll+0x5c556]
C  [msvcr100.dll+0x5c600]
C  [KERNEL32.DLL+0x16359]
C  [ntdll.dll+0x67c14]
C  [ntdll.dll+0x67be4]

Java frames: (J=compiled Java code, j=interpreted, Vv=VM code)
j  com.sun.jna.Function.invokeInt(I[Ljava/lang/Object;)I+0
j  com.sun.jna.Function.invoke([Ljava/lang/Object;Ljava/lang/Class;Z)Ljava/lang/Object;+315
j  com.sun.jna.Function.invoke(Ljava/lang/Class;[Ljava/lang/Object;Ljava/util/Map;)Ljava/lang/Object;+214
j  com.sun.jna.Library$Handler.invoke(Ljava/lang/Object;Ljava/lang/reflect/Method;[Ljava/lang/Object;)Ljava/lang/Object;+341
j  com.sun.proxy.$Proxy8.HttpSendRequest(Lcom/change_vision/platform/connectors/wininet/WinInet$HINTERNET;Ljava/lang/String;ILjava/nio/Buffer;I)Z+40
j  com.change_vision.platform.connectors.impl.RequestHandle.httpSendRequest(Ljava/lang/String;Ljava/nio/Buffer;I)V+25
j  com.change_vision.platform.connectors.NativeHttpURLConnection.sendRequest()V+72
j  com.change_vision.platform.connectors.NativeHttpURLConnection.commit()V+45
j  com.change_vision.platform.connectors.NativeHttpURLConnection.getInputStream()Ljava/io/InputStream;+1
j  fh.a(Ljava/net/URLConnection;)Lorg/w3c/dom/Document;+70
j  JP.co.esm.caddies.jomt.jutil.S.a(Ljava/net/URLConnection;)Lorg/w3c/dom/Document;+4
j  JP.co.esm.caddies.jomt.jutil.S.a(Ljava/lang/String;Ljava/util/Map;Z)Lorg/w3c/dom/Document;+8
j  JP.co.esm.caddies.jomt.jutil.d.a(IZ)Ljava/util/List;+200
j  JP.co.esm.caddies.jomt.jutil.b.a()V+15
j  JP.co.esm.caddies.jomt.jutil.b.run()V+1
j  java.lang.Thread.run()V+11
v  ~StubRoutines::call_stub

---------------  P R O C E S S  ---------------

Java Threads: ( => current thread )
  0x025dd000 JavaThread "Thread-13" daemon [_thread_blocked, id=6056, stack(0x26420000,0x26470000)]
  0x025df000 JavaThread "Thread-12" daemon [_thread_blocked, id=13460, stack(0x26390000,0x263e0000)]
  0x025da400 JavaThread "URL-Loader-4" daemon [_thread_blocked, id=1596, stack(0x262e0000,0x26330000)]
  0x025dd800 JavaThread "URL-Loader-3" daemon [_thread_blocked, id=9336, stack(0x26250000,0x262a0000)]
  0x025de800 JavaThread "URL-Loader-2" daemon [_thread_blocked, id=2996, stack(0x261c0000,0x26210000)]
  0x025db800 JavaThread "Timer-1" [_thread_blocked, id=876, stack(0x00b80000,0x00bd0000)]
  0x025de400 JavaThread "Timer-0" [_thread_blocked, id=864, stack(0x03280000,0x032d0000)]
  0x025d9800 JavaThread "Keep-Alive-Timer" daemon [_thread_blocked, id=4656, stack(0x02df0000,0x02e40000)]
  0x025dcc00 JavaThread "DestroyJavaVM" [_thread_blocked, id=8216, stack(0x02670000,0x026c0000)]
=>0x23fbd800 JavaThread "Thread-7" [_thread_in_native, id=13572, stack(0x02b30000,0x02b80000)]
  0x23fbdc00 JavaThread "URL-Loader-1" daemon [_thread_blocked, id=12192, stack(0x24d70000,0x24dc0000)]
  0x23fbe800 JavaThread "Prism Font Disposer" daemon [_thread_blocked, id=5384, stack(0x24ce0000,0x24d30000)]
  0x23fbe400 JavaThread "Disposer" daemon [_thread_blocked, id=14804, stack(0x24750000,0x247a0000)]
  0x19f24c00 JavaThread "Thread-3" daemon [_thread_in_native, id=7608, stack(0x23ea0000,0x23ef0000)]
  0x19efac00 JavaThread "Thread-2" daemon [_thread_blocked, id=9044, stack(0x23b40000,0x23b90000)]
  0x19d50400 JavaThread "Disposer" daemon [_thread_blocked, id=7904, stack(0x23ab0000,0x23b00000)]
  0x19d5fc00 JavaThread "Image Fetcher 3" daemon [_thread_blocked, id=10048, stack(0x23900000,0x23950000)]
  0x19c27000 JavaThread "AWT-EventQueue-0" [_thread_blocked, id=9024, stack(0x1a390000,0x1a3e0000)]
  0x19c10400 JavaThread "AWT-Shutdown" [_thread_blocked, id=5428, stack(0x1a180000,0x1a1d0000)]
  0x19bb1000 JavaThread "Java2D Disposer" daemon [_thread_blocked, id=10600, stack(0x1a0f0000,0x1a140000)]
  0x1953a800 JavaThread "Service Thread" daemon [_thread_blocked, id=4880, stack(0x19a30000,0x19a80000)]
  0x19538c00 JavaThread "C1 CompilerThread0" daemon [_thread_blocked, id=7376, stack(0x199a0000,0x199f0000)]
  0x19536c00 JavaThread "Attach Listener" daemon [_thread_blocked, id=12328, stack(0x19910000,0x19960000)]
  0x0266e800 JavaThread "Signal Dispatcher" daemon [_thread_blocked, id=372, stack(0x19880000,0x198d0000)]
  0x02650000 JavaThread "Finalizer" daemon [_thread_blocked, id=7144, stack(0x197f0000,0x19840000)]
  0x0264b000 JavaThread "Reference Handler" daemon [_thread_blocked, id=5248, stack(0x19760000,0x197b0000)]

Other Threads:
  0x02649400 VMThread [stack: 0x196d0000,0x19720000] [id=13080]
  0x1954dc00 WatcherThread [stack: 0x19ac0000,0x19b10000] [id=10892]

VM state:not at safepoint (normal execution)

VM Mutex/Monitor currently owned by a thread: None

Heap
 def new generation   total 22464K, used 12878K [0x053b0000, 0x06c10000, 0x0a900000)
  eden space 19968K,  51% used [0x053b0000, 0x05dd3ad8, 0x06730000)
  from space 2496K,  99% used [0x06730000, 0x0699fff8, 0x069a0000)
  to   space 2496K,   0% used [0x069a0000, 0x069a0000, 0x06c10000)
 tenured generation   total 49764K, used 36161K [0x0a900000, 0x0d999000, 0x153b0000)
   the space 49764K,  72% used [0x0a900000, 0x0cc504f0, 0x0cc50600, 0x0d999000)
 compacting perm gen  total 20736K, used 20577K [0x153b0000, 0x167f0000, 0x193b0000)
   the space 20736K,  99% used [0x153b0000, 0x167c85d0, 0x167c8600, 0x167f0000)
No shared spaces configured.

Card table byte_map: [0x193b0000,0x19460000] byte_map_base: 0x19386280

Polling page: 0x02740000

Code Cache  [0x03330000, 0x03598000, 0x05330000)
 total_blobs=1467 nmethods=1060 adapters=343 free_code_cache=30331Kb largest_free_block=31057408

Compilation events (10 events):
Event: 8.814 Thread 0x19538c00 1079             com.sun.t2k.LogicalFont::getAdvance (29 bytes)
Event: 8.814 Thread 0x19538c00 nmethod 1079 0x03588d48 code [0x03588e50, 0x03588f18]
Event: 8.817 Thread 0x19538c00 1080             com.sun.prism.impl.VertexBuffer::putColor (53 bytes)
Event: 8.817 Thread 0x19538c00 nmethod 1080 0x03588fc8 code [0x035890c0, 0x035891c0]
Event: 8.817 Thread 0x19538c00 1081             com.sun.prism.impl.VertexBuffer::addVertNoCheck (102 bytes)
Event: 8.817 Thread 0x19538c00 nmethod 1081 0x035892c8 code [0x035893e0, 0x0358956c]
Event: 8.842 Thread 0x19538c00 1082             java.security.AccessControlContext::optimize (319 bytes)
Event: 8.842 Thread 0x19538c00 nmethod 1082 0x03589748 code [0x035898c0, 0x03589ee0]
Event: 8.853 Thread 0x19538c00 1083             java.util.Properties::saveConvert (434 bytes)
Event: 8.855 Thread 0x19538c00 nmethod 1083 0x0358a548 code [0x0358a8d0, 0x0358d850]

GC Heap History (10 events):
Event: 7.511 GC heap before
{Heap before GC invocations=32 (full 2):
 def new generation   total 14272K, used 14272K [0x053b0000, 0x06320000, 0x0a900000)
  eden space 12736K, 100% used [0x053b0000, 0x06020000, 0x06020000)
  from space 1536K, 100% used [0x06020000, 0x061a0000, 0x061a0000)
  to   space 1536K,   0% used [0x061a0000, 0x061a0000, 0x06320000)
 tenured generation   total 31500K, used 26708K [0x0a900000, 0x0c7c3000, 0x153b0000)
   the space 31500K,  84% used [0x0a900000, 0x0c3151d0, 0x0c315200, 0x0c7c3000)
 compacting perm gen  total 18944K, used 18745K [0x153b0000, 0x16630000, 0x193b0000)
   the space 18944K,  98% used [0x153b0000, 0x165fe478, 0x165fe600, 0x16630000)
No shared spaces configured.
Event: 7.515 GC heap after
Heap after GC invocations=33 (full 2):
 def new generation   total 14272K, used 1535K [0x053b0000, 0x06320000, 0x0a900000)
  eden space 12736K,   0% used [0x053b0000, 0x053b0000, 0x06020000)
  from space 1536K,  99% used [0x061a0000, 0x0631fff8, 0x06320000)
  to   space 1536K,   0% used [0x06020000, 0x06020000, 0x061a0000)
 tenured generation   total 31500K, used 28443K [0x0a900000, 0x0c7c3000, 0x153b0000)
   the space 31500K,  90% used [0x0a900000, 0x0c4c6fd8, 0x0c4c7000, 0x0c7c3000)
 compacting perm gen  total 18944K, used 18745K [0x153b0000, 0x16630000, 0x193b0000)
   the space 18944K,  98% used [0x153b0000, 0x165fe478, 0x165fe600, 0x16630000)
No shared spaces configured.
}
Event: 7.544 GC heap before
{Heap before GC invocations=33 (full 2):
 def new generation   total 14272K, used 14269K [0x053b0000, 0x06320000, 0x0a900000)
  eden space 12736K,  99% used [0x053b0000, 0x0601f5d0, 0x06020000)
  from space 1536K,  99% used [0x061a0000, 0x0631fff8, 0x06320000)
  to   space 1536K,   0% used [0x06020000, 0x06020000, 0x061a0000)
 tenured generation   total 31500K, used 28443K [0x0a900000, 0x0c7c3000, 0x153b0000)
   the space 31500K,  90% used [0x0a900000, 0x0c4c6fd8, 0x0c4c7000, 0x0c7c3000)
 compacting perm gen  total 19200K, used 18955K [0x153b0000, 0x16670000, 0x193b0000)
   the space 19200K,  98% used [0x153b0000, 0x16632e68, 0x16633000, 0x16670000)
No shared spaces configured.
Event: 7.547 GC heap after
Heap after GC invocations=34 (full 2):
 def new generation   total 14272K, used 1536K [0x053b0000, 0x06320000, 0x0a900000)
  eden space 12736K,   0% used [0x053b0000, 0x053b0000, 0x06020000)
  from space 1536K, 100% used [0x06020000, 0x061a0000, 0x061a0000)
  to   space 1536K,   0% used [0x061a0000, 0x061a0000, 0x06320000)
 tenured generation   total 31500K, used 30118K [0x0a900000, 0x0c7c3000, 0x153b0000)
   the space 31500K,  95% used [0x0a900000, 0x0c669a38, 0x0c669c00, 0x0c7c3000)
 compacting perm gen  total 19200K, used 18955K [0x153b0000, 0x16670000, 0x193b0000)
   the space 19200K,  98% used [0x153b0000, 0x16632e68, 0x16633000, 0x16670000)
No shared spaces configured.
}
Event: 7.624 GC heap before
{Heap before GC invocations=34 (full 2):
 def new generation   total 14272K, used 14272K [0x053b0000, 0x06320000, 0x0a900000)
  eden space 12736K, 100% used [0x053b0000, 0x06020000, 0x06020000)
  from space 1536K, 100% used [0x06020000, 0x061a0000, 0x061a0000)
  to   space 1536K,   0% used [0x061a0000, 0x061a0000, 0x06320000)
 tenured generation   total 31500K, used 30118K [0x0a900000, 0x0c7c3000, 0x153b0000)
   the space 31500K,  95% used [0x0a900000, 0x0c669a38, 0x0c669c00, 0x0c7c3000)
 compacting perm gen  total 19456K, used 19236K [0x153b0000, 0x166b0000, 0x193b0000)
   the space 19456K,  98% used [0x153b0000, 0x16679218, 0x16679400, 0x166b0000)
No shared spaces configured.
Event: 7.664 GC heap after
Heap after GC invocations=35 (full 3):
 def new generation   total 22464K, used 0K [0x053b0000, 0x06c10000, 0x0a900000)
  eden space 19968K,   0% used [0x053b0000, 0x053b0000, 0x06730000)
  from space 2496K,   0% used [0x06730000, 0x06730000, 0x069a0000)
  to   space 2496K,   0% used [0x069a0000, 0x069a0000, 0x06c10000)
 tenured generation   total 49764K, used 29856K [0x0a900000, 0x0d999000, 0x153b0000)
   the space 49764K,  59% used [0x0a900000, 0x0c6280b8, 0x0c628200, 0x0d999000)
 compacting perm gen  total 19456K, used 19236K [0x153b0000, 0x166b0000, 0x193b0000)
   the space 19456K,  98% used [0x153b0000, 0x16679218, 0x16679400, 0x166b0000)
No shared spaces configured.
}
Event: 7.916 GC heap before
{Heap before GC invocations=35 (full 3):
 def new generation   total 22464K, used 19968K [0x053b0000, 0x06c10000, 0x0a900000)
  eden space 19968K, 100% used [0x053b0000, 0x06730000, 0x06730000)
  from space 2496K,   0% used [0x06730000, 0x06730000, 0x069a0000)
  to   space 2496K,   0% used [0x069a0000, 0x069a0000, 0x06c10000)
 tenured generation   total 49764K, used 29856K [0x0a900000, 0x0d999000, 0x153b0000)
   the space 49764K,  59% used [0x0a900000, 0x0c6280b8, 0x0c628200, 0x0d999000)
 compacting perm gen  total 19968K, used 19840K [0x153b0000, 0x16730000, 0x193b0000)
   the space 19968K,  99% used [0x153b0000, 0x16710240, 0x16710400, 0x16730000)
No shared spaces configured.
Event: 7.920 GC heap after
Heap after GC invocations=36 (full 3):
 def new generation   total 22464K, used 2496K [0x053b0000, 0x06c10000, 0x0a900000)
  eden space 19968K,   0% used [0x053b0000, 0x053b0000, 0x06730000)
  from space 2496K, 100% used [0x069a0000, 0x06c10000, 0x06c10000)
  to   space 2496K,   0% used [0x06730000, 0x06730000, 0x069a0000)
 tenured generation   total 49764K, used 33498K [0x0a900000, 0x0d999000, 0x153b0000)
   the space 49764K,  67% used [0x0a900000, 0x0c9b6980, 0x0c9b6a00, 0x0d999000)
 compacting perm gen  total 19968K, used 19840K [0x153b0000, 0x16730000, 0x193b0000)
   the space 19968K,  99% used [0x153b0000, 0x16710240, 0x16710400, 0x16730000)
No shared spaces configured.
}
Event: 8.017 GC heap before
{Heap before GC invocations=36 (full 3):
 def new generation   total 22464K, used 22464K [0x053b0000, 0x06c10000, 0x0a900000)
  eden space 19968K, 100% used [0x053b0000, 0x06730000, 0x06730000)
  from space 2496K, 100% used [0x069a0000, 0x06c10000, 0x06c10000)
  to   space 2496K,   0% used [0x06730000, 0x06730000, 0x069a0000)
 tenured generation   total 49764K, used 33498K [0x0a900000, 0x0d999000, 0x153b0000)
   the space 49764K,  67% used [0x0a900000, 0x0c9b6980, 0x0c9b6a00, 0x0d999000)
 compacting perm gen  total 19968K, used 19916K [0x153b0000, 0x16730000, 0x193b0000)
   the space 19968K,  99% used [0x153b0000, 0x16723130, 0x16723200, 0x16730000)
No shared spaces configured.
Event: 8.022 GC heap after
Heap after GC invocations=37 (full 3):
 def new generation   total 22464K, used 2495K [0x053b0000, 0x06c10000, 0x0a900000)
  eden space 19968K,   0% used [0x053b0000, 0x053b0000, 0x06730000)
  from space 2496K,  99% used [0x06730000, 0x0699fff8, 0x069a0000)
  to   space 2496K,   0% used [0x069a0000, 0x069a0000, 0x06c10000)
 tenured generation   total 49764K, used 36161K [0x0a900000, 0x0d999000, 0x153b0000)
   the space 49764K,  72% used [0x0a900000, 0x0cc504f0, 0x0cc50600, 0x0d999000)
 compacting perm gen  total 19968K, used 19916K [0x153b0000, 0x16730000, 0x193b0000)
   the space 19968K,  99% used [0x153b0000, 0x16723130, 0x16723200, 0x16730000)
No shared spaces configured.
}

Deoptimization events (0 events):
No events

Internal exceptions (10 events):
Event: 8.841 Thread 0x19c27000 Threw 0x05d24e30 at C:\re\jdk7u45\229\hotspot\src\share\vm\prims\jvm.cpp:1244
Event: 8.842 Thread 0x19c27000 Threw 0x05d2aac0 at C:\re\jdk7u45\229\hotspot\src\share\vm\prims\jvm.cpp:1244
Event: 8.855 Thread 0x19c27000 Threw 0x05d50940 at C:\re\jdk7u45\229\hotspot\src\share\vm\prims\jvm.cpp:1244
Event: 8.858 Thread 0x19c27000 Threw 0x05d6cff0 at C:\re\jdk7u45\229\hotspot\src\share\vm\prims\jvm.cpp:1244
Event: 8.858 Thread 0x19c27000 Threw 0x05d73420 at C:\re\jdk7u45\229\hotspot\src\share\vm\prims\jvm.cpp:1244
Event: 8.858 Thread 0x19c27000 Threw 0x05d77b20 at C:\re\jdk7u45\229\hotspot\src\share\vm\prims\jvm.cpp:1244
Event: 8.863 Thread 0x19c27000 Threw 0x05d80af0 at C:\re\jdk7u45\229\hotspot\src\share\vm\prims\jvm.cpp:1244
Event: 8.864 Thread 0x19ec7000 Threw 0x05d88688 at C:\re\jdk7u45\229\hotspot\src\share\vm\prims\jvm.cpp:1244
Event: 8.864 Thread 0x19ec7000 Threw 0x05d8db08 at C:\re\jdk7u45\229\hotspot\src\share\vm\prims\jvm.cpp:1244
Event: 8.866 Thread 0x19ec7000 Threw 0x05d960f0 at C:\re\jdk7u45\229\hotspot\src\share\vm\prims\jvm.cpp:1244

Events (10 events):
Event: 8.868 Executing VM operation: RevokeBias
Event: 8.868 Executing VM operation: RevokeBias done
Event: 8.868 Executing VM operation: RevokeBias
Event: 8.868 Executing VM operation: RevokeBias done
Event: 8.868 loading class 0x19ddb720
Event: 8.868 Thread 0x025d8c00 Thread exited: 0x025d8c00
Event: 8.868 loading class 0x19ddb720 done
Event: 8.869 Thread 0x025e0400 Thread exited: 0x025e0400
Event: 8.889 Thread 0x19c20400 Thread exited: 0x19c20400
Event: 8.889 Thread 0x19ed4000 Thread exited: 0x19ed4000


Dynamic libraries:
0x00540000 - 0x0056f000 	E:\S.I-Sistemas de Informação\16-Algoritmos\UML\astah-community\jre\bin\javaw.exe
0x777e0000 - 0x7797a000 	C:\WINDOWS\SYSTEM32\ntdll.dll
0x77360000 - 0x77440000 	C:\WINDOWS\System32\KERNEL32.DLL
0x76990000 - 0x76b8e000 	C:\WINDOWS\System32\KERNELBASE.dll
0x71110000 - 0x711af000 	C:\WINDOWS\SYSTEM32\apphelp.dll
0x75b00000 - 0x75b79000 	C:\WINDOWS\System32\ADVAPI32.dll
0x76da0000 - 0x76e5f000 	C:\WINDOWS\System32\msvcrt.dll
0x75b80000 - 0x75bf6000 	C:\WINDOWS\System32\sechost.dll
0x776f0000 - 0x777ab000 	C:\WINDOWS\System32\RPCRT4.dll
0x74fb0000 - 0x74fd0000 	C:\WINDOWS\System32\SspiCli.dll
0x74fa0000 - 0x74faa000 	C:\WINDOWS\System32\CRYPTBASE.dll
0x76290000 - 0x762ef000 	C:\WINDOWS\System32\bcryptPrimitives.dll
0x77550000 - 0x776e7000 	C:\WINDOWS\System32\USER32.dll
0x75930000 - 0x75947000 	C:\WINDOWS\System32\win32u.dll
0x770e0000 - 0x77101000 	C:\WINDOWS\System32\GDI32.dll
0x759a0000 - 0x75afa000 	C:\WINDOWS\System32\gdi32full.dll
0x76e80000 - 0x76efc000 	C:\WINDOWS\System32\msvcp_win.dll
0x76870000 - 0x7698f000 	C:\WINDOWS\System32\ucrtbase.dll
0x74110000 - 0x7431f000 	C:\WINDOWS\WinSxS\x86_microsoft.windows.common-controls_6595b64144ccf1df_6.0.18362.778_none_2e73ee38278978be\COMCTL32.dll
0x75120000 - 0x75395000 	C:\WINDOWS\System32\combase.dll
0x77130000 - 0x77155000 	C:\WINDOWS\System32\IMM32.DLL
0x6d0c0000 - 0x6d17f000 	E:\S.I-Sistemas de Informação\16-Algoritmos\UML\astah-community\jre\bin\msvcr100.dll
0x6c500000 - 0x6c880000 	E:\S.I-Sistemas de Informação\16-Algoritmos\UML\astah-community\jre\bin\client\jvm.dll
0x75400000 - 0x75406000 	C:\WINDOWS\System32\PSAPI.DLL
0x74090000 - 0x740b4000 	C:\WINDOWS\SYSTEM32\WINMM.dll
0x73970000 - 0x73978000 	C:\WINDOWS\SYSTEM32\WSOCK32.dll
0x76b90000 - 0x76bee000 	C:\WINDOWS\System32\WS2_32.dll
0x73980000 - 0x739a3000 	C:\WINDOWS\SYSTEM32\WINMMBASE.dll
0x750e0000 - 0x7511b000 	C:\WINDOWS\System32\cfgmgr32.dll
0x710d0000 - 0x71105000 	E:\S.I-Sistemas de Informação\16-Algoritmos\UML\astah-community\jre\bin\splashscreen.dll
0x71640000 - 0x716ba000 	C:\WINDOWS\system32\uxtheme.dll
0x76f00000 - 0x77003000 	C:\WINDOWS\System32\MSCTF.dll
0x77020000 - 0x770b2000 	C:\WINDOWS\System32\OLEAUT32.dll
0x77120000 - 0x7712f000 	C:\WINDOWS\System32\kernel.appcore.dll
0x6d030000 - 0x6d0b4000 	C:\WINDOWS\System32\TextInputFramework.dll
0x6def0000 - 0x6e14e000 	C:\WINDOWS\System32\CoreUIComponents.dll
0x6e150000 - 0x6e1d9000 	C:\WINDOWS\System32\CoreMessaging.dll
0x772d0000 - 0x77354000 	C:\WINDOWS\System32\SHCORE.dll
0x73720000 - 0x73749000 	C:\WINDOWS\SYSTEM32\ntmarta.dll
0x71280000 - 0x7135a000 	C:\WINDOWS\SYSTEM32\wintypes.dll
0x6d210000 - 0x6d439000 	C:\WINDOWS\System32\iertutil.dll
0x710c0000 - 0x710cc000 	E:\S.I-Sistemas de Informação\16-Algoritmos\UML\astah-community\jre\bin\verify.dll
0x6d010000 - 0x6d030000 	E:\S.I-Sistemas de Informação\16-Algoritmos\UML\astah-community\jre\bin\java.dll
0x6cff0000 - 0x6d003000 	E:\S.I-Sistemas de Informação\16-Algoritmos\UML\astah-community\jre\bin\zip.dll
0x770c0000 - 0x770d3000 	C:\WINDOWS\System32\CRYPTSP.dll
0x733f0000 - 0x7341f000 	C:\WINDOWS\system32\rsaenh.dll
0x75860000 - 0x75879000 	C:\WINDOWS\System32\bcrypt.dll
0x74b90000 - 0x74bae000 	C:\WINDOWS\SYSTEM32\USERENV.dll
0x777b0000 - 0x777cb000 	C:\WINDOWS\System32\profapi.dll
0x6cfd0000 - 0x6cfe4000 	E:\S.I-Sistemas de Informação\16-Algoritmos\UML\astah-community\jre\bin\net.dll
0x73750000 - 0x737a2000 	C:\WINDOWS\system32\mswsock.dll
0x70fd0000 - 0x70fe1000 	C:\WINDOWS\system32\napinsp.dll
0x70fb0000 - 0x70fc6000 	C:\WINDOWS\system32\pnrpnsp.dll
0x74320000 - 0x743b1000 	C:\WINDOWS\SYSTEM32\DNSAPI.dll
0x77110000 - 0x77117000 	C:\WINDOWS\System32\NSI.dll
0x74f10000 - 0x74f42000 	C:\WINDOWS\SYSTEM32\IPHLPAPI.DLL
0x70fa0000 - 0x70fab000 	C:\WINDOWS\System32\winrnr.dll
0x70f80000 - 0x70f96000 	C:\WINDOWS\system32\NLAapi.dll
0x70f70000 - 0x70f80000 	C:\WINDOWS\system32\wshbth.dll
0x70e50000 - 0x70e58000 	C:\Windows\System32\rasadhlp.dll
0x70df0000 - 0x70e41000 	C:\WINDOWS\System32\fwpuclnt.dll
0x702b0000 - 0x702bf000 	E:\S.I-Sistemas de Informação\16-Algoritmos\UML\astah-community\jre\bin\nio.dll
0x6ce80000 - 0x6cfc3000 	E:\S.I-Sistemas de Informação\16-Algoritmos\UML\astah-community\jre\bin\awt.dll
0x74fe0000 - 0x750d7000 	C:\WINDOWS\System32\ole32.dll
0x762f0000 - 0x7686a000 	C:\WINDOWS\System32\SHELL32.dll
0x75cc0000 - 0x76285000 	C:\WINDOWS\System32\windows.storage.dll
0x75950000 - 0x75993000 	C:\WINDOWS\System32\powrprof.dll
0x77010000 - 0x7701d000 	C:\WINDOWS\System32\UMPDC.dll
0x758e0000 - 0x75924000 	C:\WINDOWS\System32\shlwapi.dll
0x6cd90000 - 0x6cdb5000 	C:\WINDOWS\system32\DWMAPI.DLL
0x6ce70000 - 0x6ce7a000 	E:\S.I-Sistemas de Informação\16-Algoritmos\UML\astah-community\jre\bin\management.dll
0x6c370000 - 0x6c4fe000 	C:\WINDOWS\system32\d3d9.dll
0x709d0000 - 0x709e9000 	C:\WINDOWS\SYSTEM32\dxcore.dll
0x74ac0000 - 0x74ac8000 	C:\WINDOWS\SYSTEM32\VERSION.dll
0x76bf0000 - 0x76ceb000 	C:\WINDOWS\System32\crypt32.dll
0x74fd0000 - 0x74fde000 	C:\WINDOWS\System32\MSASN1.dll
0x711d0000 - 0x711f6000 	C:\WINDOWS\SYSTEM32\cryptnet.dll
0x75c00000 - 0x75c46000 	C:\WINDOWS\System32\WINTRUST.DLL
0x76e60000 - 0x76e7b000 	C:\WINDOWS\System32\imagehlp.dll
0x6bd80000 - 0x6bfa4000 	C:\WINDOWS\system32\nvspcap.dll
0x711b0000 - 0x711ce000 	C:\WINDOWS\SYSTEM32\gpapi.dll
0x6cd50000 - 0x6cd88000 	E:\S.I-Sistemas de Informação\16-Algoritmos\UML\astah-community\jre\bin\fontmanager.dll
0x6ce60000 - 0x6ce6d000 	E:\S.I-Sistemas de Informação\16-Algoritmos\UML\astah-community\jre\bin\prism-d3d.dll
0x6c270000 - 0x6c297000 	E:\S.I-Sistemas de Informação\16-Algoritmos\UML\astah-community\jre\bin\glass.dll
0x76cf0000 - 0x76da0000 	C:\WINDOWS\System32\COMDLG32.dll
0x6c200000 - 0x6c26f000 	E:\S.I-Sistemas de Informação\16-Algoritmos\UML\astah-community\jre\bin\libxml2.dll
0x6c1d0000 - 0x6c1f8000 	E:\S.I-Sistemas de Informação\16-Algoritmos\UML\astah-community\jre\bin\libxslt.dll
0x61270000 - 0x61dd0000 	E:\S.I-Sistemas de Informação\16-Algoritmos\UML\astah-community\jre\bin\jfxwebkit.dll
0x6c190000 - 0x6c1cd000 	E:\S.I-Sistemas de Informação\16-Algoritmos\UML\astah-community\jre\bin\javafx-font.dll
0x77440000 - 0x774c0000 	C:\WINDOWS\System32\clbcatq.dll
0x67cd0000 - 0x67e39000 	C:\WINDOWS\SYSTEM32\WindowsCodecs.dll
0x6bd50000 - 0x6bd80000 	E:\S.I-Sistemas de Informação\16-Algoritmos\UML\astah-community\jre\bin\t2k.dll
0x6bd20000 - 0x6bd44000 	E:\S.I-Sistemas de Informação\16-Algoritmos\UML\astah-community\jre\bin\dcpr.dll
0x6bd00000 - 0x6bd20000 	E:\S.I-Sistemas de Informação\16-Algoritmos\UML\astah-community\jre\bin\sunec.dll
0x6ce50000 - 0x6ce59000 	E:\S.I-Sistemas de Informação\16-Algoritmos\UML\astah-community\jre\bin\sunmscapi.dll
0x73c30000 - 0x7408b000 	C:\WINDOWS\SYSTEM32\wininet.dll
0x6b500000 - 0x6b512000 	C:\WINDOWS\SYSTEM32\ondemandconnroutehelper.dll
0x74ad0000 - 0x74b8d000 	C:\WINDOWS\SYSTEM32\winhttp.dll
0x71620000 - 0x71628000 	C:\WINDOWS\SYSTEM32\WINNSI.DLL
0x6d440000 - 0x6d5ea000 	C:\WINDOWS\SYSTEM32\urlmon.dll
0x70840000 - 0x709cf000 	C:\WINDOWS\SYSTEM32\dbghelp.dll

VM Arguments:
java_command: E:\S.I-Sistemas de Informação\16-Algoritmos\UML\astah-community\astah-community.jar
Launcher Type: SUN_STANDARD

Environment Variables:
JAVA_HOME=C:\Program Files\Java\jdk1.8.0_211
CLASSPATH=;C:\Program Files\Java\jdk1.8.0_211
PATH=C:\Python27\;C:\Python27\Scripts;C:\Program Files (x86)\Common Files\Intel\Shared Libraries\redist\intel64\compiler;C:\ProgramData\Oracle\Java\javapath;C:\Users\user\AppData\Local\Programs\Python\Python37\Tools\scripts;C:\Program Files (x86)\Common Files\Oracle\Java\javapath;C:\Program Files (x86)\Intel\Intel(R) Management Engine Components\iCLS\;C:\Program Files\Intel\Intel(R) Management Engine Components\iCLS\;C:\Windows\system32;C:\Windows;C:\Windows\System32\Wbem;C:\Windows\System32\WindowsPowerShell\v1.0\;C:\Windows\System32\OpenSSH\;C:\Program Files (x86)\NVIDIA Corporation\PhysX\Common;C:\Program Files\NVIDIA Corporation\NVIDIA NvDLISR;C:\Program Files (x86)\Intel\Intel(R) Management Engine Components\DAL;C:\Program Files\Intel\Intel(R) Management Engine Components\DAL;C:\Program Files (x86)\Intel\Intel(R) Management Engine Components\IPT;C:\Program Files\Intel\Intel(R) Management Engine Components\IPT;C:\WINDOWS\system32;C:\WINDOWS;C:\WINDOWS\System32\Wbem;C:\WINDOWS\System32\WindowsPowerShell\v1.0\;C:\WINDOWS\System32\OpenSSH\;C:\Program Files\Microsoft SQL Server\130\Tools\Binn\;C:\Program Files\dotnet\;C:\Program Files\Microsoft SQL Server\Client SDK\ODBC\170\Tools\Binn\;C:\Program Files\nodejs\;C:\ProgramData\chocolatey\bin;C:\Program Files\Git\cmd;;C:\Program Files\Java\jdk1.8.0_211\bin;C:\Users\user\AppData\Local\Programs\Python\Python37\Scripts\;C:\Users\user\AppData\Local\Programs\Python\Python37\;C:\Users\user\AppData\Local\Microsoft\WindowsApps;C:\Program Files\JetBrains\PyCharm Community Edition 2019.2.4\bin;C:\Users\user\AppData\Local\atom\bin;C:\Users\user\AppData\Roaming\npm;E:\S.I-Sistemas de Informação\16-Algoritmos\UML\astah-community\jre\bin
USERNAME=user
OS=Windows_NT
PROCESSOR_IDENTIFIER=Intel64 Family 6 Model 158 Stepping 10, GenuineIntel



---------------  S Y S T E M  ---------------

OS: Windows 8 , 64 bit Build 9200 

CPU:total 6 (6 cores per cpu, 1 threads per core) family 6 model 158 stepping 10, cmov, cx8, fxsr, mmx, sse, sse2, sse3, ssse3, sse4.1, sse4.2, popcnt, avx, avx2, aes, erms, tsc, tscinvbit

Memory: 4k page, physical 8303924k(5146456k free), swap 15643956k(10517276k free)

vm_info: Java HotSpot(TM) Client VM (24.45-b08) for windows-x86 JRE (1.7.0_45-b18), built on Oct  8 2013 06:02:43 by "java_re" with unknown MS VC++:1600

time: Tue May 05 10:13:52 2020
elapsed time: 9 seconds

